make --dry-run --always-make --keep-going --print-directory
make: Entering directory '/home/student/Desktop/Gruppe 12/OskarErPen'
mkdir -p build
clang -o build/ElevatorControl.o -c -Wall -g -std=gnu11 -fsanitize=address source/ElevatorControl.c
mkdir -p build
clang -o build/ElevatorEnums.o -c -Wall -g -std=gnu11 -fsanitize=address source/ElevatorEnums.c
mkdir -p build
clang -o build/Buttons.o -c -Wall -g -std=gnu11 -fsanitize=address source/Buttons.c
mkdir -p build/driver
clang -o build/driver/elevio.o -c -Wall -g -std=gnu11 -fsanitize=address source/driver/elevio.c
mkdir -p build
clang -o build/main.o -c -Wall -g -std=gnu11 -fsanitize=address source/main.c
mkdir -p build
clang -o build/Bookings.o -c -Wall -g -std=gnu11 -fsanitize=address source/Bookings.c
mkdir -p build
clang -o build/Timer.o -c -Wall -g -std=gnu11 -fsanitize=address source/Timer.c
mkdir -p build
clang -o build/Lights.o -c -Wall -g -std=gnu11 -fsanitize=address source/Lights.c
mkdir -p build
clang -o build/Motor.o -c -Wall -g -std=gnu11 -fsanitize=address source/Motor.c
mkdir -p build
clang -o build/State.o -c -Wall -g -std=gnu11 -fsanitize=address source/State.c
clang build/ElevatorControl.o build/ElevatorEnums.o build/Buttons.o build/driver/elevio.o build/main.o build/Bookings.o build/Timer.o build/Lights.o build/Motor.o build/State.o -o elevator -fsanitize=address
make: Leaving directory '/home/student/Desktop/Gruppe 12/OskarErPen'
 
